<?xml version="1.0" encoding="UTF-8"?>
<!-- Generated by org.testng.reporters.JUnitReportReporter -->
<testsuite hostname="DESKTOP-65VVBAF" failures="0" tests="1" name="Project1.Amazon_end_to_end.TestCase2" time="27.926" errors="0" timestamp="2024-09-21T06:26:21 IST" skipped="0">
  <testcase classname="Project1.Amazon_end_to_end.TestCase2" name="search_item" time="27.926"/>
</testsuite> <!-- Project1.Amazon_end_to_end.TestCase2 -->
